2025-10-08T15:17:15.656+02:00  INFO 14300 --- [demo] [main] com.example.demo.DemoApplication         : Starting DemoApplication using Java 21.0.8 with PID 14300 (C:\Users\ADMIN\Desktop\Stucom 2n ano\Proyecto\demo\target\classes started by ADMIN in C:\Users\ADMIN\Desktop\Stucom 2n ano\Proyecto\demo)
2025-10-08T15:17:15.676+02:00  INFO 14300 --- [demo] [main] com.example.demo.DemoApplication         : No active profile set, falling back to 1 default profile: "default"
2025-10-08T15:17:19.476+02:00  INFO 14300 --- [demo] [main] o.s.b.w.embedded.tomcat.TomcatWebServer  : Tomcat initialized with port 8080 (http)
2025-10-08T15:17:19.523+02:00  INFO 14300 --- [demo] [main] o.apache.catalina.core.StandardService   : Starting service [Tomcat]
2025-10-08T15:17:19.542+02:00  INFO 14300 --- [demo] [main] o.apache.catalina.core.StandardEngine    : Starting Servlet engine: [Apache Tomcat/10.1.46]
2025-10-08T15:17:19.811+02:00  INFO 14300 --- [demo] [main] o.a.c.c.C.[Tomcat].[localhost].[/]       : Initializing Spring embedded WebApplicationContext
2025-10-08T15:17:19.853+02:00  INFO 14300 --- [demo] [main] w.s.c.ServletWebServerApplicationContext : Root WebApplicationContext: initialization completed in 3828 ms
2025-10-08T15:17:20.515+02:00 DEBUG 14300 --- [demo] [main] s.w.s.m.m.a.RequestMappingHandlerMapping : 4 mappings in 'requestMappingHandlerMapping'
2025-10-08T15:17:20.770+02:00 DEBUG 14300 --- [demo] [main] o.s.w.s.handler.SimpleUrlHandlerMapping  : Patterns [/webjars/**, /**] in 'resourceHandlerMapping'
2025-10-08T15:17:20.862+02:00 DEBUG 14300 --- [demo] [main] s.w.s.m.m.a.RequestMappingHandlerAdapter : ControllerAdvice beans: 0 @ModelAttribute, 0 @InitBinder, 1 RequestBodyAdvice, 1 ResponseBodyAdvice
2025-10-08T15:17:21.293+02:00 DEBUG 14300 --- [demo] [main] .m.m.a.ExceptionHandlerExceptionResolver : ControllerAdvice beans: 0 @ExceptionHandler, 1 ResponseBodyAdvice
2025-10-08T15:17:21.709+02:00  INFO 14300 --- [demo] [main] o.s.b.w.embedded.tomcat.TomcatWebServer  : Tomcat started on port 8080 (http) with context path '/'
2025-10-08T15:17:21.736+02:00  INFO 14300 --- [demo] [main] com.example.demo.DemoApplication         : Started DemoApplication in 20.004 seconds (process running for 26.953)
2025-10-08T15:17:53.934+02:00  INFO 14300 --- [demo] [http-nio-8080-exec-2] o.a.c.c.C.[Tomcat].[localhost].[/]       : Initializing Spring DispatcherServlet 'dispatcherServlet'
2025-10-08T15:17:53.936+02:00  INFO 14300 --- [demo] [http-nio-8080-exec-2] o.s.web.servlet.DispatcherServlet        : Initializing Servlet 'dispatcherServlet'
2025-10-08T15:17:53.937+02:00 DEBUG 14300 --- [demo] [http-nio-8080-exec-2] o.s.web.servlet.DispatcherServlet        : Detected StandardServletMultipartResolver
2025-10-08T15:17:53.941+02:00 DEBUG 14300 --- [demo] [http-nio-8080-exec-2] o.s.web.servlet.DispatcherServlet        : Detected AcceptHeaderLocaleResolver
2025-10-08T15:17:53.941+02:00 DEBUG 14300 --- [demo] [http-nio-8080-exec-2] o.s.web.servlet.DispatcherServlet        : Detected FixedThemeResolver
2025-10-08T15:17:53.943+02:00 DEBUG 14300 --- [demo] [http-nio-8080-exec-2] o.s.web.servlet.DispatcherServlet        : Detected org.springframework.web.servlet.view.DefaultRequestToViewNameTranslator@3822430f
2025-10-08T15:17:53.945+02:00 DEBUG 14300 --- [demo] [http-nio-8080-exec-2] o.s.web.servlet.DispatcherServlet        : Detected org.springframework.web.servlet.support.SessionFlashMapManager@74d9770c
2025-10-08T15:17:53.946+02:00 DEBUG 14300 --- [demo] [http-nio-8080-exec-2] o.s.web.servlet.DispatcherServlet        : enableLoggingRequestDetails='false': request parameters and headers will be masked to prevent unsafe logging of potentially sensitive data
2025-10-08T15:17:53.946+02:00  INFO 14300 --- [demo] [http-nio-8080-exec-2] o.s.web.servlet.DispatcherServlet        : Completed initialization in 9 ms
2025-10-08T15:17:54.803+02:00 DEBUG 14300 --- [demo] [http-nio-8080-exec-2] o.s.web.servlet.DispatcherServlet        : POST "/nurse/login", parameters={}
2025-10-08T15:17:56.834+02:00 DEBUG 14300 --- [demo] [http-nio-8080-exec-2] s.w.s.m.m.a.RequestMappingHandlerMapping : Mapped to com.example.demo.NurseController#login(Map)
2025-10-08T15:17:58.857+02:00 DEBUG 14300 --- [demo] [http-nio-8080-exec-2] m.m.a.RequestResponseBodyMethodProcessor : Read "application/json;charset=UTF-8" to [{username=jdoe, password=1234}]
2025-10-08T15:17:59.213+02:00 DEBUG 14300 --- [demo] [http-nio-8080-exec-2] m.m.a.RequestResponseBodyMethodProcessor : Using 'application/json', given [*/*] and supported [application/json, application/*+json]
2025-10-08T15:17:59.218+02:00 DEBUG 14300 --- [demo] [http-nio-8080-exec-2] m.m.a.RequestResponseBodyMethodProcessor : Writing [{success=true, message=Login correcto}]
2025-10-08T15:17:59.565+02:00 DEBUG 14300 --- [demo] [http-nio-8080-exec-2] o.s.web.servlet.DispatcherServlet        : Completed 200 OK
2025-10-08T15:43:09.338+02:00 DEBUG 14300 --- [demo] [http-nio-8080-exec-5] o.s.web.servlet.DispatcherServlet        : POST "/nurse/login", parameters={}
2025-10-08T15:43:09.339+02:00 DEBUG 14300 --- [demo] [http-nio-8080-exec-5] s.w.s.m.m.a.RequestMappingHandlerMapping : Mapped to com.example.demo.NurseController#login(Map)
2025-10-08T15:43:09.340+02:00 DEBUG 14300 --- [demo] [http-nio-8080-exec-5] m.m.a.RequestResponseBodyMethodProcessor : Read "application/json;charset=UTF-8" to [{username=jdoe, password=1234}]
2025-10-08T15:43:09.342+02:00 DEBUG 14300 --- [demo] [http-nio-8080-exec-5] m.m.a.RequestResponseBodyMethodProcessor : Using 'application/json', given [*/*] and supported [application/json, application/*+json]
2025-10-08T15:43:09.343+02:00 DEBUG 14300 --- [demo] [http-nio-8080-exec-5] m.m.a.RequestResponseBodyMethodProcessor : Writing [{success=true, message=Login correcto}]
2025-10-08T15:43:09.346+02:00 DEBUG 14300 --- [demo] [http-nio-8080-exec-5] o.s.web.servlet.DispatcherServlet        : Completed 200 OK
2025-10-08T15:43:17.007+02:00 DEBUG 14300 --- [demo] [http-nio-8080-exec-6] o.s.web.servlet.DispatcherServlet        : POST "/nurse/login", parameters={}
2025-10-08T15:43:17.011+02:00 DEBUG 14300 --- [demo] [http-nio-8080-exec-6] s.w.s.m.m.a.RequestMappingHandlerMapping : Mapped to com.example.demo.NurseController#login(Map)
2025-10-08T15:43:17.014+02:00 DEBUG 14300 --- [demo] [http-nio-8080-exec-6] m.m.a.RequestResponseBodyMethodProcessor : Read "application/json;charset=UTF-8" to [{username=jdoe, password=1234}]
2025-10-08T15:43:17.016+02:00 DEBUG 14300 --- [demo] [http-nio-8080-exec-6] m.m.a.RequestResponseBodyMethodProcessor : Using 'application/json', given [*/*] and supported [application/json, application/*+json]
2025-10-08T15:43:17.016+02:00 DEBUG 14300 --- [demo] [http-nio-8080-exec-6] m.m.a.RequestResponseBodyMethodProcessor : Writing [{success=true, message=Login correcto}]
2025-10-08T15:43:17.017+02:00 DEBUG 14300 --- [demo] [http-nio-8080-exec-6] o.s.web.servlet.DispatcherServlet        : Completed 200 OK
2025-10-08T15:47:23.135+02:00 DEBUG 14300 --- [demo] [http-nio-8080-exec-9] o.s.web.servlet.DispatcherServlet        : POST "/nurse/login", parameters={}
2025-10-08T15:47:23.137+02:00 DEBUG 14300 --- [demo] [http-nio-8080-exec-9] s.w.s.m.m.a.RequestMappingHandlerMapping : Mapped to com.example.demo.NurseController#login(Map)
2025-10-08T15:47:23.139+02:00 DEBUG 14300 --- [demo] [http-nio-8080-exec-9] m.m.a.RequestResponseBodyMethodProcessor : Read "application/json;charset=UTF-8" to [{username=fakeuser, password=wrongpass}]
2025-10-08T15:47:23.141+02:00 DEBUG 14300 --- [demo] [http-nio-8080-exec-9] m.m.a.RequestResponseBodyMethodProcessor : Using 'application/json', given [*/*] and supported [application/json, application/*+json]
2025-10-08T15:47:23.142+02:00 DEBUG 14300 --- [demo] [http-nio-8080-exec-9] m.m.a.RequestResponseBodyMethodProcessor : Writing [{success=false, message=Usuario o contraseña incorrectos}]
2025-10-08T15:47:23.148+02:00 DEBUG 14300 --- [demo] [http-nio-8080-exec-9] o.s.web.servlet.DispatcherServlet        : Completed 200 OK
